
> frontend@0.1.0 dev /Users/simsketch/repos/cyber-ai/frontend
> next dev

   ▲ Next.js 14.0.4
   - Local:        http://localhost:3000
   - Environments: .env

 ✓ Ready in 2.1s
 ✓ Compiled /src/middleware in 399ms (282 modules)
(node:44332) [DEP0040] DeprecationWarning: The `punycode` module is deprecated. Please use a userland alternative instead.
(Use `node --trace-deprecation ...` to show where the warning was created)
 ○ Compiling /scans ...
The user aborted a request.

Retrying 1/3...
The user aborted a request.

Retrying 2/3...
The user aborted a request.

Retrying 3/3...
AbortError: The user aborted a request.
    at abort (/Users/simsketch/repos/cyber-ai/frontend/node_modules/next/dist/compiled/node-fetch/index.js:1:65594)
    at AbortSignal.abortAndFinalize (/Users/simsketch/repos/cyber-ai/frontend/node_modules/next/dist/compiled/node-fetch/index.js:1:65814)
    at [nodejs.internal.kHybridDispatch] (node:internal/event_target:827:20)
    at AbortSignal.dispatchEvent (node:internal/event_target:762:26)
    at runAbort (node:internal/abort_controller:426:10)
    at abortSignal (node:internal/abort_controller:412:3)
    at AbortController.abort (node:internal/abort_controller:444:5)
    at Timeout.<anonymous> (/Users/simsketch/repos/cyber-ai/frontend/node_modules/next/dist/compiled/@next/font/dist/google/fetch-css-from-google-fonts.js:44:47)
    at listOnTimeout (node:internal/timers:614:17)
    at process.processTimers (node:internal/timers:549:7) {
  type: 'aborted'
}
 ⨯ Failed to download `Inter` from Google Fonts. Using fallback font instead.

Failed to fetch `Inter` from Google Fonts.}
 ✓ Compiled /scans in 15.9s (1228 modules)
 ✓ Compiled in 1588ms (556 modules)
 ○ Compiling /favicon.ico ...
 ✓ Compiled /favicon.ico in 4.7s (1242 modules)
[?25h
